epoch,acc,auc,fn,fp,loss,lr,tn,tp,val_acc,val_auc,val_fn,val_fp,val_loss,val_tn,val_tp
0,0.49939796,0.5002494,4246.0,4069.0,0.7529992102356577,0.001,4236.0,4059.0,0.4784841,0.48037443,3414.0,852.0,0.7603653820919233,3238.0,676.0
1,0.5078868,0.50907207,3732.0,4442.0,0.7179738604146841,0.001,3863.0,4573.0,0.5212714,0.5475262,2960.0,956.0,0.6975135233408082,3134.0,1130.0
2,0.51372665,0.51565,3669.0,4408.0,0.7200925109761082,0.001,3897.0,4636.0,0.5084352,0.5209973,2446.0,1575.0,0.6951623499976394,2515.0,1644.0
3,0.50156534,0.5000178,3981.0,4298.0,0.714500630425804,0.001,4007.0,4324.0,0.4826406,0.49477595,2614.0,1618.0,0.8163638681100458,2472.0,1476.0
4,0.51848286,0.52178717,3984.0,4014.0,0.7064707111982177,0.001,4291.0,4321.0,0.5002445,0.49058816,4087.0,1.0,0.8252209584549761,4089.0,3.0
5,0.5295605,0.5398318,3741.0,4073.0,0.7010949267851596,0.001,4232.0,4564.0,0.5,0.5,4090.0,0.0,0.6933704174526746,4090.0,0.0
6,0.50818783,0.5121892,3904.0,4265.0,0.7027666886874813,0.001,4040.0,4401.0,0.5,0.5,0.0,4090.0,0.694322157022714,0.0,4090.0
7,0.5033113,0.50552654,4033.0,4217.0,0.6998276367092764,0.001,4088.0,4272.0,0.50977993,0.50457513,1235.0,2775.0,0.7105172863070714,1315.0,2855.0
8,0.50084287,0.5021439,4062.0,4229.0,0.7006560860987817,0.001,4076.0,4243.0,0.5,0.4881871,4089.0,1.0,0.6976303705959274,4089.0,1.0
9,0.50487655,0.5066525,4416.0,3808.0,0.697677044427804,0.001,4497.0,3889.0,0.5,0.5,4090.0,0.0,0.6932820460615647,4090.0,0.0
10,0.5180614,0.5211977,3849.0,4156.0,0.6946347587658367,0.001,4149.0,4456.0,0.5195599,0.5258994,844.0,3086.0,0.6998845598954152,1004.0,3246.0
11,0.51980734,0.52742976,3727.0,4249.0,0.694412223299464,0.001,4056.0,4578.0,0.51356965,0.5440961,2562.0,1417.0,0.7462338456169025,2673.0,1528.0
12,0.5446117,0.5559335,2894.0,4670.0,0.6893295499303842,0.001,3635.0,5411.0,0.5037897,0.50554186,22.0,4037.0,0.6930995979198326,53.0,4068.0
13,0.5484046,0.5687081,4076.0,3425.0,0.6862261734548496,0.001,4880.0,4229.0,0.5292176,0.584129,251.0,3600.0,0.7787894351558172,490.0,3839.0
14,0.6012041,0.63490945,3546.0,3078.0,0.665227903579101,0.001,5227.0,4759.0,0.5963325,0.6464203,1778.0,1524.0,0.6619451666082321,2566.0,2312.0
15,0.6241421,0.6705368,3337.0,2906.0,0.6466546508291269,0.001,5399.0,4968.0,0.6077017,0.668352,2494.0,715.0,0.6481527021942628,3375.0,1596.0
16,0.64154124,0.69148326,3448.0,2506.0,0.6324743970125142,0.001,5799.0,4857.0,0.6130807,0.6794673,2746.0,419.0,0.6669662069793435,3671.0,1344.0
17,0.64130044,0.6969771,3248.0,2710.0,0.6303039337589682,0.001,5595.0,5057.0,0.60953546,0.67172647,1700.0,1494.0,0.6452497286143688,2596.0,2390.0
18,0.6525587,0.7118414,3295.0,2476.0,0.6185576692537541,0.001,5829.0,5010.0,0.59449875,0.6731002,2934.0,383.0,0.6982677988799102,3707.0,1156.0
19,0.66586393,0.7291879,2851.0,2699.0,0.6072381311586863,0.001,5606.0,5454.0,0.6144254,0.69918215,822.0,2332.0,0.6324234923261302,1758.0,3268.0
20,0.65279955,0.7121234,3238.0,2529.0,0.6166524151267236,0.001,5776.0,5067.0,0.5859413,0.6072022,2883.0,504.0,0.6614095609097725,3586.0,1207.0
21,0.6154124,0.6517237,4211.0,2177.0,0.6480377515814951,0.001,6128.0,4094.0,0.61454767,0.66002685,2420.0,733.0,0.6434122383375914,3357.0,1670.0
22,0.64142084,0.7009488,3301.0,2655.0,0.6248265338511011,0.001,5650.0,5004.0,0.64022005,0.6992289,1419.0,1524.0,0.6229206817292934,2566.0,2671.0
23,0.65689343,0.71599334,2910.0,2789.0,0.6154433133586353,0.001,5516.0,5395.0,0.6507335,0.7141398,1435.0,1422.0,0.6166352120690357,2668.0,2655.0
24,0.6718844,0.7346288,2821.0,2629.0,0.6016964545851368,0.001,5676.0,5484.0,0.6596577,0.72224206,1858.0,926.0,0.6141405146031624,3164.0,2232.0
25,0.6836845,0.74788433,2932.0,2322.0,0.5908459936869137,0.001,5983.0,5373.0,0.6618582,0.73039126,2137.0,629.0,0.6056474588246684,3461.0,1953.0
26,0.6869958,0.757168,2855.0,2344.0,0.581821224870343,0.001,5961.0,5450.0,0.65244496,0.7165321,1813.0,1030.0,0.6117281433203984,3060.0,2277.0
27,0.65322095,0.71185,3429.0,2331.0,0.6151986394138095,0.001,5974.0,4876.0,0.6477995,0.71980447,2034.0,847.0,0.6097603699324475,3243.0,2056.0
28,0.67754364,0.7407931,3105.0,2251.0,0.5949465281844211,0.001,6054.0,5200.0,0.6586797,0.730703,1848.0,944.0,0.6016909343288406,3146.0,2242.0
29,0.68862134,0.7578274,3009.0,2163.0,0.5803487071568961,0.001,6142.0,5296.0,0.6278729,0.7192577,2744.0,300.0,0.631329269419381,3790.0,1346.0
30,0.6932571,0.7632851,2829.0,2266.0,0.5764035989296573,0.001,6039.0,5476.0,0.66124696,0.7397227,2190.0,581.0,0.6067867845588325,3509.0,1900.0
31,0.6984949,0.7711881,2826.0,2182.0,0.5683688791059428,0.001,6123.0,5479.0,0.6623472,0.7393138,2209.0,553.0,0.6031987701330908,3537.0,1881.0
32,0.69801325,0.77060914,2938.0,2078.0,0.5650982439769169,0.001,6227.0,5367.0,0.67163813,0.7493863,1388.0,1298.0,0.5867115124367851,2792.0,2702.0
33,0.7080674,0.77939224,2803.0,2046.0,0.5607888140569316,0.001,6259.0,5502.0,0.6690709,0.75919485,2364.0,343.0,0.5983728508312428,3747.0,1726.0
34,0.7199277,0.79144573,2708.0,1944.0,0.5471414620082541,0.001,6361.0,5597.0,0.6814181,0.7496733,1706.0,900.0,0.5812966646148406,3190.0,2384.0
35,0.7141481,0.7875922,2644.0,2104.0,0.5519421421695659,0.001,6201.0,5661.0,0.6788508,0.7617943,2313.0,314.0,0.5882085615673391,3776.0,1777.0
36,0.7191451,0.7973312,2636.0,2029.0,0.5413635865724066,0.001,6276.0,5669.0,0.6874083,0.76894337,1437.0,1120.0,0.5645288670922841,2970.0,2653.0
37,0.72137266,0.7922953,2640.0,1988.0,0.5471340789718129,0.001,6317.0,5665.0,0.6698044,0.74419755,1329.0,1372.0,0.592141141299805,2718.0,2761.0
38,0.715292,0.7898325,2827.0,1902.0,0.5480293813489562,0.001,6403.0,5478.0,0.68618584,0.76030624,1996.0,571.0,0.5883492322816243,3519.0,2094.0
39,0.73419625,0.80882174,2570.0,1845.0,0.5282170576800933,0.001,6460.0,5735.0,0.7050122,0.78038454,1942.0,471.0,0.5626924637076616,3619.0,2148.0
40,0.730885,0.8083211,2594.0,1876.0,0.528614326557935,0.001,6429.0,5711.0,0.70488995,0.7816009,1123.0,1291.0,0.5601322422837861,2799.0,2967.0
41,0.7307646,0.8076731,2554.0,1918.0,0.5298894160774227,0.001,6387.0,5751.0,0.6790953,0.7764654,2375.0,250.0,0.5810245078940555,3840.0,1715.0
42,0.7331126,0.8070434,2585.0,1848.0,0.5292436273466887,0.001,6457.0,5720.0,0.7030562,0.7845067,1077.0,1352.0,0.5629243692952438,2738.0,3013.0
43,0.74039733,0.8195499,2485.0,1827.0,0.5165825507265484,0.001,6478.0,5820.0,0.698533,0.7825957,2103.0,363.0,0.5652799103181345,3727.0,1987.0
44,0.7377483,0.8159747,2493.0,1863.0,0.5218271019227673,0.001,6442.0,5812.0,0.7022005,0.78563863,1194.0,1242.0,0.5529301974257513,2848.0,2896.0
45,0.7475617,0.8259622,2420.0,1773.0,0.5067649388406594,0.001,6532.0,5885.0,0.7185819,0.7835253,1609.0,693.0,0.5546652761385902,3397.0,2481.0
46,0.7468995,0.82357377,2500.0,1704.0,0.5093820340155407,0.001,6601.0,5805.0,0.69718826,0.77609515,2094.0,383.0,0.5687761877488099,3707.0,1996.0
47,0.75075257,0.831423,2388.0,1752.0,0.5012736709666209,0.001,6553.0,5917.0,0.7255501,0.800293,1653.0,592.0,0.538334226258518,3498.0,2437.0
48,0.7497291,0.8308613,2422.0,1735.0,0.5009340425703197,0.001,6570.0,5883.0,0.7138142,0.79403913,1936.0,405.0,0.552806222078124,3685.0,2154.0
49,0.759121,0.83939934,2308.0,1693.0,0.49102822826218706,0.001,6612.0,5997.0,0.7125917,0.7885059,1694.0,657.0,0.5592557093114899,3433.0,2396.0
50,0.7593016,0.8383806,2277.0,1721.0,0.49164897422342685,0.001,6584.0,6028.0,0.7178484,0.79964775,1132.0,1176.0,0.5427915383230503,2914.0,2958.0
51,0.7629741,0.841999,2276.0,1661.0,0.48833792762071665,0.001,6644.0,6029.0,0.7222494,0.79831415,1520.0,752.0,0.539500905988706,3338.0,2570.0
52,0.7559904,0.8388739,2328.0,1725.0,0.49236624734111756,0.001,6580.0,5977.0,0.7287286,0.7998678,1396.0,823.0,0.5347764594776415,3267.0,2694.0
53,0.7628537,0.8441758,2277.0,1662.0,0.4851655894054985,0.001,6643.0,6028.0,0.7040342,0.78616774,2056.0,365.0,0.588835388567745,3725.0,2034.0
54,0.7647802,0.84300315,2264.0,1643.0,0.4867596768564951,0.001,6662.0,6041.0,0.72665036,0.7987526,1394.0,842.0,0.5341012607394628,3248.0,2696.0
55,0.7624925,0.8457677,2296.0,1649.0,0.48182430671396775,0.001,6656.0,6009.0,0.7130807,0.7983836,1035.0,1312.0,0.5395028758930693,2778.0,3055.0
56,0.771162,0.8497865,2208.0,1593.0,0.47707295047275133,0.001,6712.0,6097.0,0.6718826,0.78135544,763.0,1921.0,0.5753784424153983,2169.0,3327.0
57,0.7729079,0.8524094,2087.0,1685.0,0.4745715472136256,0.001,6620.0,6218.0,0.7173594,0.79641783,1770.0,542.0,0.5474588991778112,3548.0,2320.0
58,0.7738712,0.85573167,2146.0,1610.0,0.4686823903724847,0.001,6695.0,6159.0,0.7017115,0.78646284,1208.0,1232.0,0.5499517068376168,2858.0,2882.0
59,0.7807947,0.86078984,2150.0,1491.0,0.46049714272798076,0.001,6814.0,6155.0,0.72518337,0.79912484,1179.0,1069.0,0.5385797454048777,3021.0,2911.0
60,0.7822998,0.86518097,2160.0,1456.0,0.4537057803023084,0.001,6849.0,6145.0,0.7207824,0.7962928,1677.0,607.0,0.5478868307796259,3483.0,2413.0
61,0.7854907,0.86533237,2054.0,1509.0,0.4542761052241532,0.001,6796.0,6251.0,0.7356968,0.81259966,1142.0,1020.0,0.5221703158176907,3070.0,2948.0
62,0.7745334,0.8561608,2180.0,1565.0,0.4666154348279682,0.001,6740.0,6125.0,0.7277506,0.79936403,1298.0,929.0,0.5358728137787222,3161.0,2792.0
63,0.78741723,0.8720312,2017.0,1514.0,0.4443221965076908,0.001,6791.0,6288.0,0.71870416,0.80860615,1784.0,517.0,0.5440555354603054,3573.0,2306.0
64,0.7862733,0.86733073,2120.0,1430.0,0.45082177559540687,0.001,6875.0,6185.0,0.71821517,0.7954699,1535.0,770.0,0.5457889486678072,3320.0,2555.0
65,0.78416616,0.8660354,2100.0,1485.0,0.4538232032108709,0.001,6820.0,6205.0,0.71894866,0.79043585,1607.0,692.0,0.5436096177379485,3398.0,2483.0
66,0.7937989,0.8751796,1965.0,1460.0,0.43893145938941613,0.001,6845.0,6340.0,0.7157702,0.79849875,1794.0,531.0,0.555092658674513,3559.0,2296.0
67,0.7971704,0.87755674,1892.0,1477.0,0.43655180050119585,0.001,6828.0,6413.0,0.71797067,0.7986021,1388.0,919.0,0.5396273034854739,3171.0,2702.0
68,0.79668874,0.878291,1923.0,1454.0,0.4351608906791269,0.001,6851.0,6382.0,0.7234719,0.79411656,1227.0,1035.0,0.5549831776207992,3055.0,2863.0
69,0.79668874,0.8779692,1942.0,1435.0,0.43483896411322887,0.001,6870.0,6363.0,0.7282396,0.8034943,1607.0,616.0,0.5496670288605329,3474.0,2483.0
70,0.80234796,0.88346505,1867.0,1416.0,0.4267315226800466,0.001,6889.0,6438.0,0.7007335,0.79180896,973.0,1475.0,0.5552682121691902,2615.0,3117.0
71,0.8025286,0.8849985,1923.0,1357.0,0.4227480049425044,0.001,6948.0,6382.0,0.71589243,0.80566514,1897.0,427.0,0.5621987861606195,3663.0,2193.0
72,0.8101746,0.88950986,1812.0,1341.0,0.41593559984339784,0.001,6964.0,6493.0,0.700978,0.7913708,914.0,1532.0,0.5593977308032857,2558.0,3176.0
73,0.8124022,0.89056444,1804.0,1312.0,0.4136316303448602,0.001,6993.0,6501.0,0.7101467,0.7934103,1454.0,917.0,0.5531660636800425,3173.0,2636.0
74,0.8116195,0.8895439,1780.0,1349.0,0.41636245245139764,0.001,6956.0,6525.0,0.72713935,0.8009551,1618.0,614.0,0.5528232304784663,3476.0,2472.0
75,0.8118603,0.8901688,1838.0,1287.0,0.41447316924270416,0.001,7018.0,6467.0,0.7246944,0.8002058,1399.0,853.0,0.5493312255276736,3237.0,2691.0
76,0.81685734,0.89680535,1746.0,1296.0,0.40245589281531574,0.001,7009.0,6559.0,0.7180929,0.8028785,1046.0,1260.0,0.5632914503385065,2830.0,3044.0
77,0.8164961,0.8974518,1729.0,1319.0,0.40229311629833764,0.001,6986.0,6576.0,0.7113692,0.79392534,1267.0,1094.0,0.5486790722914605,2996.0,2823.0
78,0.82059,0.8983782,1706.0,1274.0,0.39970831625042447,0.001,7031.0,6599.0,0.7287286,0.8052787,1489.0,730.0,0.5512245280126197,3360.0,2601.0
79,0.8230584,0.9021956,1674.0,1265.0,0.3929547643011984,0.001,7040.0,6631.0,0.7157702,0.7894167,1439.0,886.0,0.5520408726263163,3204.0,2651.0
80,0.82600844,0.90358645,1663.0,1227.0,0.3901278908548945,0.001,7078.0,6642.0,0.7275061,0.802442,1442.0,787.0,0.553565049739805,3303.0,2648.0
81,0.8294401,0.90619457,1671.0,1162.0,0.3837068696416049,0.001,7143.0,6634.0,0.72958434,0.8077661,1134.0,1078.0,0.5716518186178504,3012.0,2956.0
82,0.84021676,0.91835725,1529.0,1125.0,0.3600881452336324,0.0003162278,7180.0,6776.0,0.7270171,0.80214006,1336.0,897.0,0.5604957498081738,3193.0,2754.0
83,0.8458158,0.9242766,1458.0,1103.0,0.3476101587280353,0.0003162278,7202.0,6847.0,0.7277506,0.8067032,1261.0,966.0,0.5644358255807083,3124.0,2829.0
84,0.84984946,0.92635936,1431.0,1063.0,0.343285584347945,0.0003162278,7242.0,6874.0,0.7222494,0.79361755,1194.0,1078.0,0.5908286400904428,3012.0,2896.0
85,0.85809755,0.9295197,1363.0,994.0,0.3352846916202032,0.0003162278,7311.0,6942.0,0.7243276,0.7948641,1376.0,879.0,0.593692697329597,3211.0,2714.0
86,0.8593618,0.93186545,1349.0,987.0,0.32992768296629893,0.0003162278,7318.0,6956.0,0.71344745,0.7904599,1255.0,1089.0,0.5991873882419468,3001.0,2835.0
87,0.85580975,0.92917657,1406.0,989.0,0.3356945068227247,0.0003162278,7316.0,6899.0,0.7309291,0.8071505,1313.0,888.0,0.5654141609090173,3202.0,2777.0
88,0.8640578,0.9364851,1311.0,947.0,0.3189169235262865,0.0003162278,7358.0,6994.0,0.72591686,0.79987544,1348.0,894.0,0.5849240265495183,3196.0,2742.0
89,0.8657435,0.93750113,1264.0,966.0,0.3167061386792542,0.0003162278,7339.0,7041.0,0.72334963,0.7994373,1304.0,959.0,0.5887597502006586,3131.0,2786.0
90,0.86718845,0.9378401,1242.0,964.0,0.3158982051026204,0.0003162278,7341.0,7063.0,0.72518337,0.8001054,1157.0,1091.0,0.6055964229851597,2999.0,2933.0
91,0.87621915,0.9411224,1192.0,864.0,0.30523970393797023,0.0003162278,7441.0,7113.0,0.7277506,0.8074922,1259.0,968.0,0.585614046441678,3122.0,2831.0
