epoch,acc,auc,fn,fp,loss,lr,tn,tp,val_acc,val_auc,val_fn,val_fp,val_loss,val_tn,val_tp
0,0.51133335,0.51164246,1436.0,1496.0,0.8005271246035893,0.001,1504.0,1564.0,0.5132203,0.51732653,1036.0,400.0,0.8680682494478711,1075.0,439.0
1,0.5056667,0.5167972,1448.0,1518.0,0.7211827456951141,0.001,1482.0,1552.0,0.5094915,0.5650544,78.0,1369.0,1.212673480328867,106.0,1397.0
2,0.5111667,0.515559,1546.0,1387.0,0.7253847964604696,0.001,1613.0,1454.0,0.50067794,0.5052326,972.0,501.0,0.7451064693725715,974.0,503.0
3,0.51316667,0.51578784,1470.0,1451.0,0.724039250065883,0.001,1549.0,1530.0,0.4881356,0.47730193,156.0,1354.0,0.7798885478811749,121.0,1319.0
4,0.50266665,0.5205054,1555.0,1429.0,0.7163629429539045,0.001,1571.0,1445.0,0.5132203,0.5204557,326.0,1110.0,0.7058216693037648,365.0,1149.0
5,0.51383334,0.5150668,1334.0,1583.0,0.7163997115194798,0.001,1417.0,1666.0,0.5067797,0.58528054,1360.0,95.0,0.7333640898688365,1380.0,115.0
6,0.55183333,0.56845814,1553.0,1136.0,0.6955357990165552,0.001,1864.0,1447.0,0.500339,0.5125884,410.0,1064.0,0.7288816841982179,411.0,1065.0
7,0.5531667,0.5738118,1547.0,1134.0,0.6971142110725244,0.001,1866.0,1453.0,0.53694916,0.5455402,362.0,1004.0,0.7948185856059446,471.0,1113.0
8,0.5655,0.5888978,1601.0,1006.0,0.687091674755017,0.001,1994.0,1399.0,0.53050846,0.5793802,238.0,1147.0,0.687603728043831,328.0,1237.0
9,0.5618333,0.59082985,1493.0,1136.0,0.6864876498778661,0.001,1864.0,1507.0,0.55322033,0.5846162,720.0,598.0,0.7312241477481389,877.0,755.0
10,0.5286667,0.54127645,1361.0,1467.0,0.7034888479113579,0.001,1533.0,1639.0,0.5518644,0.57182276,488.0,834.0,0.6861494137068926,641.0,987.0
11,0.5668333,0.59284836,1500.0,1099.0,0.6822822678089142,0.001,1901.0,1500.0,0.5240678,0.5618965,658.0,746.0,0.6669169427984852,729.0,817.0
12,0.5795,0.6035983,1580.0,943.0,0.6798384107649327,0.001,2057.0,1420.0,0.5722034,0.61201566,1051.0,211.0,0.6650998236769337,1264.0,424.0
13,0.54833335,0.5613102,1678.0,1032.0,0.6925280325611433,0.001,1968.0,1322.0,0.5677966,0.62625015,1208.0,67.0,0.6847526408858219,1408.0,267.0
14,0.5833333,0.6129354,1482.0,1018.0,0.676077509423097,0.001,1982.0,1518.0,0.55322033,0.61061835,303.0,1015.0,0.6778307401527792,460.0,1172.0
15,0.5875,0.6167766,1524.0,951.0,0.6708725429574649,0.001,2049.0,1476.0,0.5498305,0.5801908,1214.0,114.0,0.6825053384748556,1361.0,261.0
16,0.599,0.62921166,1516.0,890.0,0.6678920007745425,0.001,2110.0,1484.0,0.55491525,0.60940903,357.0,956.0,0.6861066131268517,519.0,1118.0
17,0.5941667,0.622363,1514.0,921.0,0.6704793956875801,0.001,2079.0,1486.0,0.60271186,0.65401876,985.0,187.0,0.6636290983628419,1288.0,490.0
18,0.6156667,0.6524658,1531.0,775.0,0.6534972667694092,0.001,2225.0,1469.0,0.5898305,0.66814554,1082.0,128.0,0.6575767064498643,1347.0,393.0
19,0.6066667,0.6399287,1573.0,787.0,0.6582381862898667,0.001,2213.0,1427.0,0.6220339,0.6696329,935.0,180.0,0.6396632396568687,1295.0,540.0
20,0.62733334,0.6649113,1446.0,790.0,0.6476580075919628,0.001,2210.0,1554.0,0.5891525,0.6357752,1078.0,134.0,0.6657964622570296,1341.0,397.0
21,0.614,0.65619874,1503.0,813.0,0.6512402992943923,0.001,2187.0,1497.0,0.61322033,0.66170645,732.0,409.0,0.6371405305498737,1066.0,743.0
22,0.6045,0.6441308,1470.0,903.0,0.6571015701194605,0.001,2097.0,1530.0,0.5827119,0.6382644,1123.0,108.0,0.6726154033410348,1367.0,352.0
23,0.6235,0.66661954,1480.0,779.0,0.6443175751467546,0.001,2221.0,1520.0,0.59898305,0.638804,1009.0,174.0,0.6589556926387852,1301.0,466.0
24,0.6318333,0.67490864,1451.0,758.0,0.6382714241743088,0.001,2242.0,1549.0,0.6118644,0.66414523,569.0,576.0,0.6485570607549053,899.0,906.0
25,0.6305,0.6720818,1377.0,840.0,0.6410985352098941,0.001,2160.0,1623.0,0.61661017,0.65704566,725.0,406.0,0.6512227495848122,1069.0,750.0
26,0.63016665,0.68026227,1437.0,782.0,0.6353417793413003,0.001,2218.0,1563.0,0.5935593,0.65490174,550.0,649.0,0.6415154468205015,826.0,925.0
27,0.631,0.67592055,1448.0,766.0,0.6386525313556194,0.001,2234.0,1552.0,0.6118644,0.69360393,1024.0,121.0,0.6479806261547542,1354.0,451.0
28,0.647,0.6959623,1303.0,815.0,0.627446827640136,0.001,2185.0,1697.0,0.5928814,0.6542635,1040.0,161.0,0.6716882457167416,1314.0,435.0
29,0.6435,0.6862223,1350.0,789.0,0.6323277771969636,0.001,2211.0,1650.0,0.64135593,0.6931031,737.0,321.0,0.6237033327757302,1154.0,738.0
30,0.64383334,0.6939636,1338.0,799.0,0.6252592104176681,0.001,2201.0,1662.0,0.6416949,0.68274975,727.0,330.0,0.6347029090937921,1145.0,748.0
31,0.6536667,0.700199,1323.0,755.0,0.6210999122262001,0.001,2245.0,1677.0,0.60644066,0.6621578,1031.0,130.0,0.659157345557617,1345.0,444.0
32,0.6483333,0.7018745,1364.0,746.0,0.6198815020918846,0.001,2254.0,1636.0,0.6098305,0.6727885,644.0,507.0,0.6417609886597779,968.0,831.0
33,0.6536667,0.7071652,1266.0,812.0,0.6192327760159969,0.001,2188.0,1734.0,0.61762714,0.701401,333.0,795.0,0.6315685679346829,680.0,1142.0
34,0.6555,0.71395147,1256.0,811.0,0.6151263304551442,0.001,2189.0,1744.0,0.64474577,0.70551443,644.0,404.0,0.608374398946762,1071.0,831.0
35,0.6585,0.7134503,1232.0,817.0,0.614677823583285,0.001,2183.0,1768.0,0.57898307,0.65946746,378.0,864.0,0.6579888328657312,611.0,1097.0
36,0.66833335,0.7172213,1264.0,726.0,0.6098346534371376,0.001,2274.0,1736.0,0.640678,0.7036433,712.0,348.0,0.6138025358571845,1127.0,763.0
37,0.65316665,0.7092188,1313.0,768.0,0.6165448840955893,0.001,2232.0,1687.0,0.63457626,0.68751824,726.0,352.0,0.6245051404177132,1123.0,749.0
38,0.66066664,0.7179202,1285.0,751.0,0.60832298224171,0.001,2249.0,1715.0,0.6298305,0.69015753,922.0,170.0,0.6459099072521016,1305.0,553.0
39,0.6766667,0.73712236,1165.0,775.0,0.5958290771146615,0.001,2225.0,1835.0,0.65627116,0.7085058,674.0,340.0,0.6180419422812381,1135.0,801.0
40,0.66616666,0.718901,1269.0,734.0,0.6074268306295078,0.001,2266.0,1731.0,0.6152542,0.6845006,560.0,575.0,0.6211657709994558,900.0,915.0
41,0.66833335,0.727669,1223.0,767.0,0.6017132162054379,0.001,2233.0,1777.0,0.65118647,0.71227187,736.0,293.0,0.6044938357199653,1182.0,739.0
42,0.66083336,0.7167622,1254.0,781.0,0.6100600008666516,0.001,2219.0,1746.0,0.6454237,0.7042415,767.0,279.0,0.6129311546430749,1196.0,708.0
43,0.67483336,0.73184586,1201.0,750.0,0.5955708754559358,0.001,2250.0,1799.0,0.6322034,0.68212545,624.0,461.0,0.6320584659859285,1014.0,851.0
