epoch,acc,auc,fn,fp,loss,lr,tn,tp,val_acc,val_auc,val_fn,val_fp,val_loss,val_tn,val_tp
0,0.688296,0.7407712,1016.0,795.0,0.6411481583539057,0.001,2110.0,1889.0,0.5863636,0.85476357,1183.0,0.0,1.6528439738533713,1430.0,247.0
1,0.80929434,0.8866447,606.0,502.0,0.42513457817793304,0.001,2403.0,2299.0,0.8111888,0.90082896,213.0,327.0,0.40173719974456135,1103.0,1217.0
2,0.83803785,0.92100465,485.0,456.0,0.3561085760721652,0.001,2449.0,2420.0,0.85244757,0.92705923,276.0,146.0,0.36026743641839576,1284.0,1154.0
3,0.86506027,0.9324979,392.0,392.0,0.3330751471798514,0.001,2513.0,2513.0,0.82482517,0.91552866,159.0,342.0,0.4335165376175794,1088.0,1271.0
4,0.8746988,0.9448981,361.0,367.0,0.30059364089251794,0.001,2538.0,2544.0,0.8839161,0.95553446,178.0,154.0,0.2895190030665274,1276.0,1252.0
5,0.88296044,0.9503707,347.0,333.0,0.2845609373927578,0.001,2572.0,2558.0,0.85944057,0.94353896,362.0,40.0,0.410552302114926,1390.0,1068.0
6,0.8919105,0.9551323,337.0,291.0,0.26802603250109747,0.001,2614.0,2568.0,0.8458042,0.9334606,176.0,265.0,0.33522486267285745,1165.0,1254.0
7,0.9056799,0.9619607,290.0,258.0,0.24714488832988551,0.001,2647.0,2615.0,0.8566434,0.94241846,221.0,189.0,0.30956048787395646,1241.0,1209.0
8,0.9027539,0.9594671,288.0,277.0,0.2566457039022597,0.001,2628.0,2617.0,0.8954545,0.96313673,233.0,66.0,0.30842044596052304,1364.0,1197.0
9,0.9056799,0.9645276,296.0,252.0,0.23714862888752644,0.001,2653.0,2609.0,0.88041955,0.96460897,312.0,30.0,0.3173750232371104,1400.0,1118.0
10,0.91738385,0.97016865,260.0,220.0,0.21731294619429234,0.001,2685.0,2645.0,0.87552446,0.9587146,101.0,255.0,0.27080386409444823,1175.0,1329.0
11,0.91996557,0.9731553,247.0,218.0,0.20574385362313402,0.001,2687.0,2658.0,0.9020979,0.96396405,109.0,171.0,0.2694771033044175,1259.0,1321.0
12,0.91858864,0.97121733,259.0,214.0,0.2127827884799283,0.001,2691.0,2646.0,0.8832168,0.95268506,231.0,103.0,0.28215030598994734,1327.0,1199.0
13,0.924957,0.97457194,241.0,195.0,0.19741436866654657,0.001,2710.0,2664.0,0.89195806,0.957692,164.0,145.0,0.27895198923932923,1285.0,1266.0
14,0.91858864,0.973777,244.0,229.0,0.20536582206701298,0.001,2676.0,2661.0,0.89580417,0.9634132,204.0,94.0,0.2545507153678503,1336.0,1226.0
15,0.9244406,0.9747077,246.0,193.0,0.1994073207581515,0.001,2712.0,2659.0,0.83076924,0.97418827,27.0,457.0,0.36346784924397935,973.0,1403.0
16,0.92547333,0.9763343,231.0,202.0,0.19450041768662055,0.001,2703.0,2674.0,0.88076925,0.96367276,309.0,32.0,0.37791675118276835,1398.0,1121.0
17,0.9361446,0.9806583,192.0,179.0,0.1717996384953301,0.001,2726.0,2713.0,0.83916086,0.93848485,122.0,338.0,0.41843787307844504,1092.0,1308.0
18,0.9283993,0.97932684,215.0,201.0,0.1805989389694913,0.001,2704.0,2690.0,0.9097902,0.9742812,145.0,113.0,0.2222122017789137,1317.0,1285.0
19,0.93993115,0.9841761,185.0,164.0,0.15633112634452007,0.001,2741.0,2720.0,0.92237765,0.9744949,152.0,70.0,0.22726784848569,1360.0,1278.0
20,0.935284,0.9818908,204.0,172.0,0.16817795315985015,0.001,2733.0,2701.0,0.8758741,0.9736979,346.0,9.0,0.34536241481839386,1421.0,1084.0
21,0.94096386,0.9853481,194.0,149.0,0.1529689907648748,0.001,2756.0,2711.0,0.88671327,0.97300744,45.0,279.0,0.29541329885311945,1151.0,1385.0
22,0.94096386,0.9841013,177.0,166.0,0.1566147630968734,0.001,2739.0,2728.0,0.8797203,0.96917945,65.0,279.0,0.2978273728403256,1151.0,1365.0
23,0.93993115,0.98332095,190.0,159.0,0.15984942868076227,0.001,2746.0,2715.0,0.9083916,0.97435325,63.0,199.0,0.22879771358444245,1231.0,1367.0
24,0.9407917,0.9837543,180.0,164.0,0.15757190683682684,0.001,2741.0,2725.0,0.88566434,0.9547393,221.0,106.0,0.2737906164965117,1324.0,1209.0
25,0.9469879,0.9872221,160.0,148.0,0.1414728163524728,0.001,2757.0,2745.0,0.8902098,0.9657262,268.0,46.0,0.31787683524132765,1384.0,1162.0
26,0.9423408,0.9851932,174.0,161.0,0.15131636713513233,0.001,2744.0,2731.0,0.936014,0.979923,94.0,89.0,0.17115040022189487,1341.0,1336.0
27,0.9390706,0.9839453,185.0,169.0,0.1601260551223419,0.001,2736.0,2720.0,0.9248252,0.97361267,134.0,81.0,0.22143567367672587,1349.0,1296.0
28,0.9557659,0.98905176,137.0,120.0,0.1251991973339705,0.001,2785.0,2768.0,0.91993004,0.9725771,130.0,99.0,0.21213509974320635,1331.0,1300.0
29,0.94716007,0.98684,153.0,154.0,0.14362999374085392,0.001,2751.0,2752.0,0.92027974,0.9782903,97.0,131.0,0.20070530014711765,1299.0,1333.0
30,0.9469879,0.9885049,157.0,151.0,0.13425414683798204,0.001,2754.0,2748.0,0.92237765,0.9779811,111.0,111.0,0.19707513914664987,1319.0,1319.0
31,0.95335627,0.99129754,144.0,127.0,0.11550087433497913,0.001,2778.0,2761.0,0.9188811,0.9773438,90.0,142.0,0.20258470443793788,1288.0,1340.0
32,0.9492255,0.9874356,149.0,146.0,0.13832010195222674,0.001,2759.0,2756.0,0.92342657,0.97725046,124.0,95.0,0.1975954022853622,1335.0,1306.0
33,0.9538726,0.989739,136.0,132.0,0.12484305014708777,0.001,2773.0,2769.0,0.9237762,0.97463715,147.0,71.0,0.24331615071845897,1359.0,1283.0
34,0.9504303,0.98916364,149.0,139.0,0.12896647023932933,0.001,2766.0,2756.0,0.8758741,0.9642604,306.0,49.0,0.3255768605162735,1381.0,1124.0
35,0.9535284,0.98940516,138.0,132.0,0.12566248005508124,0.001,2773.0,2767.0,0.913986,0.97097427,140.0,106.0,0.22749447757768984,1324.0,1290.0
36,0.95886403,0.99080676,128.0,111.0,0.11694468299106081,0.001,2794.0,2777.0,0.91083914,0.9683934,231.0,24.0,0.32171109520511293,1406.0,1199.0
37,0.95335627,0.99140626,139.0,132.0,0.11571824870329982,0.001,2773.0,2766.0,0.9276224,0.9759072,160.0,47.0,0.2262430783830623,1383.0,1270.0
38,0.951463,0.98904103,138.0,144.0,0.1287871765219462,0.001,2761.0,2767.0,0.93041956,0.97559196,155.0,44.0,0.21445297034232635,1386.0,1275.0
39,0.9614458,0.99156046,120.0,104.0,0.11003236081623496,0.001,2801.0,2785.0,0.9195804,0.97852033,195.0,35.0,0.23142121291607032,1395.0,1235.0
40,0.9629948,0.991943,123.0,92.0,0.10850979858751308,0.001,2813.0,2782.0,0.9167832,0.9692536,144.0,94.0,0.2625795397414969,1336.0,1286.0
41,0.9633391,0.9922276,120.0,93.0,0.10582660285849364,0.001,2812.0,2785.0,0.9286713,0.9806892,158.0,46.0,0.21811117277475778,1384.0,1272.0
42,0.96196216,0.9935204,108.0,113.0,0.09810708039828933,0.001,2792.0,2797.0,0.92202795,0.9778097,202.0,21.0,0.2676243079546188,1409.0,1228.0
43,0.9567986,0.99212074,137.0,114.0,0.11006087740029552,0.001,2791.0,2768.0,0.9167832,0.9707649,184.0,54.0,0.2599731643901571,1376.0,1246.0
44,0.9614458,0.992241,125.0,99.0,0.10683061951551372,0.001,2806.0,2780.0,0.9185315,0.98013914,176.0,57.0,0.21245345382884445,1373.0,1254.0
45,0.9607573,0.99287146,123.0,105.0,0.10053209117367527,0.001,2800.0,2782.0,0.91713285,0.9772806,185.0,52.0,0.22852255665319418,1378.0,1245.0
46,0.95800346,0.9923506,130.0,114.0,0.10837121584907329,0.001,2791.0,2775.0,0.9300699,0.9812722,83.0,117.0,0.18241506021215834,1313.0,1347.0
47,0.97590363,0.9965107,74.0,66.0,0.07033574498737567,0.0003162278,2839.0,2831.0,0.94055945,0.98010045,124.0,46.0,0.20381334150198627,1384.0,1306.0
48,0.9748709,0.99647045,75.0,71.0,0.06965242162662023,0.0003162278,2834.0,2830.0,0.93776226,0.9826782,99.0,79.0,0.18151416247040994,1351.0,1331.0
49,0.9728055,0.99709314,83.0,75.0,0.06737486112519328,0.0003162278,2830.0,2822.0,0.93776226,0.9812692,127.0,51.0,0.1978093739349928,1379.0,1303.0
50,0.9781411,0.9960923,68.0,59.0,0.06667351909580407,0.0003162278,2846.0,2837.0,0.94475526,0.983383,74.0,84.0,0.18569931395116207,1346.0,1356.0
51,0.9767642,0.9960838,66.0,69.0,0.06699897631206082,0.0003162278,2836.0,2839.0,0.94160837,0.9813171,101.0,66.0,0.1892316562875717,1364.0,1329.0
52,0.9767642,0.99665,66.0,69.0,0.06658772573466817,0.0003162278,2836.0,2839.0,0.9367133,0.97998613,109.0,72.0,0.19718556791475578,1358.0,1321.0
53,0.97986233,0.99753964,63.0,54.0,0.05490585553283923,0.0003162278,2851.0,2842.0,0.92342657,0.9780488,153.0,66.0,0.22499421652351706,1364.0,1277.0
54,0.97521514,0.99663967,75.0,69.0,0.06721167369268485,0.0003162278,2836.0,2830.0,0.9370629,0.98063385,86.0,94.0,0.1941776573916973,1336.0,1344.0
55,0.9815835,0.99769515,55.0,52.0,0.05210967043346849,0.0003162278,2853.0,2850.0,0.94475526,0.98110473,97.0,61.0,0.18390830796694513,1369.0,1333.0
56,0.980895,0.9975918,57.0,54.0,0.05394479152143446,0.0003162278,2851.0,2848.0,0.9311189,0.97528774,100.0,97.0,0.2298618562121624,1333.0,1330.0
57,0.97831327,0.9971025,68.0,58.0,0.06139612602191612,0.0003162278,2847.0,2837.0,0.9482517,0.98412263,96.0,52.0,0.1688959198151418,1378.0,1334.0
58,0.979346,0.99761367,59.0,61.0,0.05730780378663203,0.0003162278,2844.0,2846.0,0.93146855,0.97833866,126.0,70.0,0.21391343843829194,1360.0,1304.0
59,0.98416525,0.99825037,45.0,47.0,0.04681484753103126,0.0003162278,2858.0,2860.0,0.94055945,0.9795892,98.0,72.0,0.20313229814007547,1358.0,1332.0
60,0.98141134,0.99812585,60.0,48.0,0.04867866266072888,0.0003162278,2857.0,2845.0,0.93951046,0.9802255,124.0,49.0,0.22500846174784625,1381.0,1306.0
61,0.9827883,0.99815017,44.0,56.0,0.04509546972413223,0.0003162278,2849.0,2861.0,0.93041956,0.97207534,123.0,76.0,0.2650600960797209,1354.0,1307.0
62,0.980895,0.9977128,55.0,56.0,0.05201024088510229,0.0003162278,2849.0,2850.0,0.93566436,0.9806462,81.0,103.0,0.20695202844039337,1327.0,1349.0
63,0.98571426,0.9988803,43.0,40.0,0.03762649647186586,0.0003162278,2865.0,2862.0,0.93426573,0.97348845,127.0,61.0,0.24972514149692973,1369.0,1303.0
64,0.98519796,0.9988914,40.0,46.0,0.03928526226890491,0.0003162278,2859.0,2865.0,0.92447555,0.9753939,64.0,152.0,0.25862300778976055,1278.0,1366.0
65,0.9846816,0.9990415,45.0,44.0,0.03973684644248514,0.0003162278,2861.0,2860.0,0.94160837,0.97598016,135.0,32.0,0.24546757804873268,1398.0,1295.0
66,0.9865749,0.998361,41.0,37.0,0.040911908341897785,0.0003162278,2868.0,2864.0,0.9458042,0.97822875,87.0,68.0,0.21131244365207139,1362.0,1343.0
67,0.983821,0.99821866,47.0,47.0,0.04679642912786122,0.0003162278,2858.0,2858.0,0.9367133,0.9759151,118.0,63.0,0.2414485843608138,1367.0,1312.0
68,0.9877797,0.9987575,34.0,37.0,0.03734198078332242,0.0003162278,2868.0,2871.0,0.9367133,0.9763549,97.0,84.0,0.2302624716775636,1346.0,1333.0
69,0.98416525,0.99814737,46.0,46.0,0.042969175847586936,0.0003162278,2859.0,2859.0,0.94545454,0.97577107,108.0,48.0,0.24398037341711165,1382.0,1322.0
70,0.98640275,0.9988755,44.0,35.0,0.03902210375431361,0.0003162278,2870.0,2861.0,0.93741256,0.9794432,99.0,80.0,0.2243139529152225,1350.0,1331.0
71,0.9848537,0.9986027,49.0,39.0,0.041731205995641896,0.0003162278,2866.0,2856.0,0.9321678,0.9720096,145.0,49.0,0.27582235605181127,1381.0,1285.0
72,0.98864025,0.9994244,34.0,32.0,0.03077954813412407,0.0003162278,2873.0,2871.0,0.93986017,0.97336036,142.0,30.0,0.2714154392122818,1400.0,1288.0
73,0.9855422,0.9986839,43.0,41.0,0.038552642291316296,0.0003162278,2864.0,2862.0,0.93951046,0.976278,143.0,30.0,0.26307124993483544,1400.0,1287.0
74,0.98709124,0.9987026,37.0,38.0,0.03689138999886453,0.0003162278,2867.0,2868.0,0.95594406,0.9799232,84.0,42.0,0.20429211360858215,1388.0,1346.0
75,0.98537004,0.9983902,40.0,45.0,0.040592218203750995,0.0003162278,2860.0,2865.0,0.9353147,0.97925675,77.0,108.0,0.23359254916953548,1322.0,1353.0
76,0.9891566,0.9988433,29.0,34.0,0.03469283943333864,0.0003162278,2871.0,2876.0,0.9370629,0.9770786,68.0,112.0,0.23556225193216412,1318.0,1362.0
77,0.9908778,0.9993884,30.0,23.0,0.026881699325918336,0.0003162278,2882.0,2875.0,0.9402098,0.98063135,88.0,83.0,0.22107646804791764,1347.0,1342.0
78,0.98743546,0.9987426,43.0,30.0,0.03567454528208557,0.0003162278,2875.0,2862.0,0.92937064,0.96587783,151.0,51.0,0.304265266731558,1379.0,1279.0
79,0.9901893,0.99859905,30.0,27.0,0.03134619799758601,0.0003162278,2878.0,2875.0,0.9486014,0.98149323,96.0,51.0,0.19229601684332762,1379.0,1334.0
80,0.98812395,0.9989446,36.0,33.0,0.030950113006106544,0.0003162278,2872.0,2869.0,0.9381119,0.9759634,130.0,47.0,0.2552632455024386,1383.0,1300.0
81,0.9888124,0.99900895,34.0,31.0,0.03293087051145664,0.0003162278,2874.0,2871.0,0.9482517,0.9794672,104.0,44.0,0.22583220682659486,1386.0,1326.0
82,0.9901893,0.99932456,27.0,30.0,0.02866538243645895,0.0003162278,2875.0,2878.0,0.93636364,0.9682031,134.0,48.0,0.31644435098925844,1382.0,1296.0
83,0.9879518,0.99929976,34.0,36.0,0.03344146073932796,0.0003162278,2869.0,2871.0,0.94335663,0.9780084,97.0,65.0,0.24356311104390435,1365.0,1333.0
84,0.9905336,0.99951714,30.0,25.0,0.023992510870154155,0.0003162278,2880.0,2875.0,0.94160837,0.9762198,86.0,81.0,0.2569842767973567,1349.0,1344.0
85,0.9889845,0.9991364,30.0,34.0,0.030299975878055125,0.0003162278,2871.0,2875.0,0.93636364,0.9724361,121.0,61.0,0.29956329429176637,1369.0,1309.0
86,0.994148,0.9998464,18.0,16.0,0.01609901027608855,0.0003162278,2889.0,2887.0,0.9388112,0.9711619,121.0,54.0,0.32472030883501996,1376.0,1309.0
87,0.99001724,0.99872684,32.0,26.0,0.029690148914818592,0.0003162278,2879.0,2873.0,0.9423077,0.97001034,124.0,41.0,0.31275101927537924,1389.0,1306.0
88,0.9910499,0.9994963,27.0,25.0,0.023992350175457942,0.0003162278,2880.0,2878.0,0.9472028,0.97793907,101.0,50.0,0.24951595086459946,1380.0,1329.0
89,0.99036145,0.9991183,30.0,26.0,0.03191437265983046,0.0003162278,2879.0,2875.0,0.934965,0.97108173,112.0,74.0,0.2966892340612637,1356.0,1318.0
90,0.99070567,0.9990412,27.0,27.0,0.02755304331438189,0.0003162278,2878.0,2878.0,0.93986017,0.97287613,112.0,60.0,0.27628044547628744,1370.0,1318.0
91,0.99156624,0.9992417,26.0,23.0,0.026291138005395506,0.0003162278,2882.0,2879.0,0.93951046,0.9733408,103.0,70.0,0.27618687369539946,1360.0,1327.0
92,0.9910499,0.99926925,25.0,27.0,0.0262607480465282,0.0003162278,2878.0,2880.0,0.91993004,0.9662987,52.0,177.0,0.3451349357480127,1253.0,1378.0
93,0.99139416,0.99913734,28.0,22.0,0.027418274579094265,0.0003162278,2883.0,2877.0,0.93251747,0.9723256,88.0,105.0,0.2844175929822595,1325.0,1342.0
94,0.99259895,0.99917483,24.0,19.0,0.02324688580115176,0.0003162278,2886.0,2881.0,0.94265735,0.973739,90.0,74.0,0.25088108807577514,1356.0,1340.0
95,0.9929432,0.999461,20.0,21.0,0.018732239131117052,0.000100000005,2884.0,2885.0,0.94160837,0.97573304,85.0,82.0,0.24447724160596102,1348.0,1345.0
96,0.9950086,0.99988085,14.0,15.0,0.014271499485826716,0.000100000005,2890.0,2891.0,0.94195807,0.9709321,106.0,60.0,0.28278787710976416,1370.0,1324.0
97,0.9939759,0.99988824,14.0,21.0,0.014007615422541949,0.000100000005,2884.0,2891.0,0.9339161,0.96868414,103.0,86.0,0.3277977052291359,1344.0,1327.0
98,0.9950086,0.9998602,14.0,15.0,0.014664303727910255,0.000100000005,2890.0,2891.0,0.93776226,0.96470386,118.0,60.0,0.3257246396486044,1370.0,1312.0
99,0.9967298,0.9997548,7.0,12.0,0.012132991286122087,0.000100000005,2893.0,2898.0,0.9461538,0.9716299,115.0,39.0,0.29029767225313047,1391.0,1315.0
100,0.99363166,0.9996818,16.0,21.0,0.016292106672621563,0.000100000005,2884.0,2889.0,0.9388112,0.9741477,97.0,78.0,0.2745592673075618,1352.0,1333.0
101,0.99449223,0.9997216,18.0,14.0,0.014070244630612544,0.000100000005,2891.0,2887.0,0.92937064,0.96783835,101.0,101.0,0.34705689380348054,1329.0,1329.0
102,0.9958692,0.9995888,14.0,10.0,0.011910796567653,0.000100000005,2895.0,2891.0,0.9503496,0.971972,104.0,38.0,0.275847121131661,1392.0,1326.0
103,0.9960413,0.9999131,14.0,9.0,0.011990237204410371,0.000100000005,2896.0,2891.0,0.9388112,0.96966434,101.0,74.0,0.30403740702886756,1356.0,1329.0
104,0.99535286,0.99987835,12.0,15.0,0.013851617920661257,0.000100000005,2890.0,2893.0,0.9409091,0.96851265,125.0,44.0,0.3105237721035627,1386.0,1305.0
